Vivado Simulator 2020.1
Copyright 1986-1999, 2001-2020 Xilinx, Inc. All Rights Reserved.
Running: C:/Xilinx/Vivado/2020.1/bin/unwrapped/win64.o/xelab.exe -wto 0662fe731c074cfb8fb938d18f4e35d2 --incr --debug typical --relax --mt 2 -L xil_defaultlib -L secureip --snapshot test_locktop_async_behav xil_defaultlib.test_locktop_async -log elaborate.log 
Using 2 slave threads.
Starting static elaboration
Completed static elaboration
Starting simulation data flow analysis
Completed simulation data flow analysis
Time Resolution for simulation is 1ps
Compiling package std.standard
Compiling package std.textio
Compiling package ieee.std_logic_1164
Compiling package ieee.numeric_std
Compiling package ieee.std_logic_arith
Compiling package ieee.std_logic_unsigned
Compiling architecture behavioral of entity xil_defaultlib.register_simple [register_simple_default]
Compiling architecture behavioral of entity xil_defaultlib.hex_to_sevseg [hex_to_sevseg_default]
Compiling architecture behavioral of entity xil_defaultlib.lock_async [lock_async_default]
Compiling architecture behavioral of entity xil_defaultlib.locktop_async [locktop_async_default]
Compiling architecture behavioral of entity xil_defaultlib.test_locktop_async
Built simulation snapshot test_locktop_async_behav
